<?xml version="1.0" encoding="UTF-8"?>
<!-- Generated by org.testng.reporters.JUnitReportReporter -->
<testsuite hostname="Raton" failures="0" tests="3" name="com.stockTests.LoginTest" time="19.834" errors="0" timestamp="2022-09-01T00:14:05 EDT" skipped="0">
  <testcase classname="com.stockTests.LoginTest" name="loginTest" time="7.331"/>
  <system-out/>
  <testcase classname="com.stockTests.LoginTest" name="logoutTest" time="1.489"/>
  <system-out/>
  <testcase classname="com.stockTests.LoginTest" name="negativeloginTest" time="11.014"/>
  <system-out/>
</testsuite> <!-- com.stockTests.LoginTest -->
