<?xml version="1.0" encoding="UTF-8"?>
<!-- Generated by org.testng.reporters.JUnitReportReporter -->
<testsuite hostname="Raton" failures="0" tests="1" name="stockwatch.com.AppTest" time="0.016" errors="0" timestamp="2022-11-13T01:49:15 EST" skipped="0">
  <testcase classname="stockwatch.com.AppTest" name="shouldAnswerWithTrue" time="0.016"/>
  <system-out/>
</testsuite> <!-- stockwatch.com.AppTest -->
