<?xml version="1.0" encoding="UTF-8"?>
<!-- Generated by org.testng.reporters.JUnitReportReporter -->
<testsuite hostname="owner" failures="0" tests="1" name="test.date" time="1.107" errors="0" timestamp="2024-02-17T21:19:59 EST" skipped="0">
  <testcase classname="test.date" name="visitGoogle" time="1.107"/>
</testsuite> <!-- test.date -->
