<?xml version="1.0" encoding="UTF-8"?>
<!-- Generated by org.testng.reporters.JUnitReportReporter -->
<testsuite hostname="owner" failures="0" tests="3" name="dataProviderPratice.ucaredulogin" time="5.082" errors="0" timestamp="2024-01-02T20:57:08 EST" skipped="0">
  <testcase classname="dataProviderPratice.ucaredulogin" name="Invalidloging" time="1.337"/>
  <testcase classname="dataProviderPratice.ucaredulogin" name="Invalidloging" time="2.323"/>
  <testcase classname="dataProviderPratice.ucaredulogin" name="Invalidloging" time="1.422"/>
</testsuite> <!-- dataProviderPratice.ucaredulogin -->
