<?xml version="1.0" encoding="UTF-8"?>
<!-- Generated by org.testng.reporters.JUnitReportReporter -->
<testsuite hostname="owner" failures="0" tests="1" name="input.InputPassword" time="1.199" errors="0" timestamp="2023-12-20T19:27:15 EST" skipped="0">
  <testcase classname="input.InputPassword" name="InputPasswordPositive" time="1.199"/>
</testsuite> <!-- input.InputPassword -->
