<?xml version="1.0" encoding="UTF-8"?>
<!-- Generated by org.testng.reporters.JUnitReportReporter -->
<testsuite hostname="owner" failures="0" tests="1" name="jxlPratice.SalesTaxCalculator" time="14.524" errors="0" timestamp="2024-01-11T19:59:08 EST" skipped="0">
  <testcase classname="jxlPratice.SalesTaxCalculator" name="salesCalculator" time="14.524"/>
</testsuite> <!-- jxlPratice.SalesTaxCalculator -->
