<?xml version="1.0" encoding="UTF-8"?>
<!-- Generated by org.testng.reporters.JUnitReportReporter -->
<testsuite hostname="owner" failures="0" tests="4" name="practice.dataprovider" time="30.897" errors="0" timestamp="2023-11-27T17:48:14 EST" skipped="0">
  <testcase classname="practice.dataprovider" name="logintestPositive" time="6.370"/>
  <testcase classname="practice.dataprovider" name="logintestPositive" time="6.757"/>
  <testcase classname="practice.dataprovider" name="logintestPositive" time="11.381"/>
  <testcase classname="practice.dataprovider" name="logintestPositive" time="6.389"/>
</testsuite> <!-- practice.dataprovider -->
