<?xml version="1.0" encoding="UTF-8"?>
<!-- Generated by org.testng.reporters.JUnitReportReporter -->
<testsuite hostname="owner" failures="0" tests="1" name="propLearing.sacuceLabsProp" time="6.675" errors="0" timestamp="2024-01-08T18:08:28 EST" skipped="0">
  <testcase classname="propLearing.sacuceLabsProp" name="logintestPosstive" time="6.675"/>
</testsuite> <!-- propLearing.sacuceLabsProp -->
