<?xml version="1.0" encoding="UTF-8"?>
<!-- Generated by org.testng.reporters.JUnitReportReporter -->
<testsuite hostname="owner" failures="0" tests="1" name="practice.InputsTextInput" time="6.447" errors="0" timestamp="2023-11-06T19:41:55 EST" skipped="0">
  <testcase classname="practice.InputsTextInput" name="loginToApplication" time="6.447"/>
</testsuite> <!-- practice.InputsTextInput -->
