<?xml version="1.0" encoding="UTF-8"?>
<!-- Generated by org.testng.reporters.JUnitReportReporter -->
<testsuite hostname="owner" failures="0" tests="1" name="practice.InputTextInput" time="5.614" errors="0" timestamp="2023-10-24T20:50:07 EDT" skipped="0">
  <testcase classname="practice.InputTextInput" name="loginToApplication" time="5.614"/>
</testsuite> <!-- practice.InputTextInput -->
