<?xml version="1.0" encoding="UTF-8"?>
<!-- Generated by org.testng.reporters.JUnitReportReporter -->
<testsuite hostname="owner" failures="0" tests="1" name="practice.InputPassword" time="1.258" errors="0" timestamp="2023-11-06T20:09:39 EST" skipped="0">
  <testcase classname="practice.InputPassword" name="InputPasswordPositive" time="1.258"/>
</testsuite> <!-- practice.InputPassword -->
