<?xml version="1.0" encoding="UTF-8"?>
<!-- Generated by org.testng.reporters.JUnitReportReporter -->
<testsuite hostname="owner" failures="0" tests="1" name="jxlPratice.AmortizationCalculator" time="13.557" errors="0" timestamp="2024-05-01T21:26:33 EDT" skipped="0">
  <testcase classname="jxlPratice.AmortizationCalculator" name="calculator" time="13.557"/>
</testsuite> <!-- jxlPratice.AmortizationCalculator -->
