<?xml version="1.0" encoding="UTF-8"?>
<!-- Generated by org.testng.reporters.JUnitReportReporter -->
<testsuite hostname="owner" failures="0" tests="1" name="input.InputsEmailInput" time="6.961" errors="0" timestamp="2023-12-29T20:36:57 EST" skipped="0">
  <testcase classname="input.InputsEmailInput" name="emailpositive" time="6.961"/>
</testsuite> <!-- input.InputsEmailInput -->
