<?xml version="1.0" encoding="UTF-8"?>
<!-- Generated by org.testng.reporters.JUnitReportReporter -->
<testsuite hostname="owner" failures="0" tests="1" name="jxlPratice.ConversionCalculatorFootToInch" time="9.755" errors="0" timestamp="2024-01-11T21:51:46 EST" skipped="0">
  <testcase classname="jxlPratice.ConversionCalculatorFootToInch" name="salesCalculator" time="9.755"/>
</testsuite> <!-- jxlPratice.ConversionCalculatorFootToInch -->
