<?xml version="1.0" encoding="UTF-8"?>
<!-- Generated by org.testng.reporters.JUnitReportReporter -->
<testsuite hostname="owner" failures="0" tests="3" name="buttons.Disabled" time="2.591" errors="0" timestamp="2023-12-27T21:02:36 EST" skipped="0">
  <testcase classname="buttons.Disabled" name="DisabledByDefault" time="1.528"/>
  <testcase classname="buttons.Disabled" name="EnableAndDisabled" time="0.347"/>
  <testcase classname="buttons.Disabled" name="CilcikOnEnable" time="0.716"/>
</testsuite> <!-- buttons.Disabled -->
