<?xml version="1.0" encoding="UTF-8"?>
<!-- Generated by org.testng.reporters.JUnitReportReporter -->
<testsuite hostname="owner" failures="0" tests="1" name="buttons.LookLikeAButton" time="1.716" errors="0" timestamp="2023-12-11T17:22:16 EST" skipped="0">
  <testcase classname="buttons.LookLikeAButton" name="LookLikeAButton" time="1.716"/>
</testsuite> <!-- buttons.LookLikeAButton -->
