<?xml version="1.0" encoding="UTF-8"?>
<!-- Generated by org.testng.reporters.JUnitReportReporter -->
<testsuite hostname="owner" failures="0" tests="3" name="dataProviderPratice.PracticetestautomationLogin" time="26.872" errors="0" timestamp="2023-12-30T15:36:29 EST" skipped="0">
  <testcase classname="dataProviderPratice.PracticetestautomationLogin" name="negLogin" time="8.769"/>
  <testcase classname="dataProviderPratice.PracticetestautomationLogin" name="negLogin" time="9.335"/>
  <testcase classname="dataProviderPratice.PracticetestautomationLogin" name="negLogin" time="8.768"/>
</testsuite> <!-- dataProviderPratice.PracticetestautomationLogin -->
