<?xml version="1.0" encoding="UTF-8"?>
<!-- Generated by org.testng.reporters.JUnitReportReporter -->
<testsuite hostname="owner" failures="0" tests="3" name="checkbox.Singlecheckbox" time="16.057" errors="0" timestamp="2024-01-11T19:39:13 EST" skipped="0">
  <testcase classname="checkbox.Singlecheckbox" name="clicksubmit" time="7.480"/>
  <testcase classname="checkbox.Singlecheckbox" name="checkboxlebel" time="1.490"/>
  <testcase classname="checkbox.Singlecheckbox" name="clickcheckbox" time="7.087"/>
</testsuite> <!-- checkbox.Singlecheckbox -->
