<?xml version="1.0" encoding="UTF-8"?>
<!-- Generated by org.testng.reporters.JUnitReportReporter -->
<testsuite hostname="Raton" failures="0" tests="1" name="Chrome.ChromeOptionsExample" time="3.117" errors="0" timestamp="2022-12-14T00:43:21 EST" skipped="0">
  <testcase classname="Chrome.ChromeOptionsExample" name="optionsExample" time="3.117"/>
  <system-out/>
</testsuite> <!-- Chrome.ChromeOptionsExample -->
