<?xml version="1.0" encoding="UTF-8"?>
<!-- Generated by org.testng.reporters.JUnitReportReporter -->
<testsuite hostname="Raton" failures="0" tests="1" name="LessonSeven.HandelCheckBox" time="9.295" errors="0" timestamp="2022-12-03T21:26:35 EST" skipped="0">
  <testcase classname="LessonSeven.HandelCheckBox" name="testCheckBox" time="9.295"/>
  <system-out/>
</testsuite> <!-- LessonSeven.HandelCheckBox -->
