<?xml version="1.0" encoding="UTF-8"?>
<!-- Generated by org.testng.reporters.JUnitReportReporter -->
<testsuite hostname="owner" failures="0" tests="1" name="Runner.CucumberRunner" time="16.688" errors="0" timestamp="2023-09-11T23:13:07 EDT" skipped="0">
  <testcase classname="Runner.CucumberRunner" name="runScenario" time="16.688"/>
  <system-out/>
</testsuite> <!-- Runner.CucumberRunner -->
