<?xml version="1.0" encoding="UTF-8"?>
<!-- Generated by org.testng.reporters.JUnitReportReporter -->
<testsuite hostname="owner" failures="0" tests="1" name="Utils.BrowserHelper" time="1.834" errors="0" timestamp="2024-02-17T20:32:13 EST" skipped="0">
  <testcase classname="Utils.BrowserHelper" name="ebay" time="1.834"/>
</testsuite> <!-- Utils.BrowserHelper -->
